INFO:root:---------------------------- KNN ---------------------------
INFO:root: Dataset : TUT2
INFO:root: Original database size : (584, 354)
INFO:root: Mean 2D positioning error : 11.218 m
INFO:root: Mean 3D positioning error : 12.893 m
INFO:root: Floor hit rate : 72.727%
INFO:root: Building hit rate : 100.000%
INFO:root: Full time : 0.073072 s
INFO:root: --------------------------------------------------------- 
INFO:root: After the data cleaning : (388, 354)
INFO:root: Configured match percent: 30
INFO:root: Reduced : 33.56%
INFO:root: Mean 2D positioning error : 10.817m
INFO:root: Mean 3D positioning error : 12.107m
INFO:root: Floor hit rate : 75.568%
INFO:root: Building hit rate : 100.000%
INFO:root: Full time : 0.048249s
INFO:root: ------- KNN configuration ------- 
INFO:root: model: kNN
INFO:root: K: 1
INFO:root: distance: manhattan
