INFO:root:---------------------------- KNN ---------------------------
INFO:root: Dataset : TUT4
INFO:root: Original database size : (3951, 992)
INFO:root: Mean 2D positioning error : 6.152 m
INFO:root: Mean 3D positioning error : 6.406 m
INFO:root: Floor hit rate : 95.265%
INFO:root: Building hit rate : 100.000%
INFO:root: Full time : 5.423704 s
INFO:root: --------------------------------------------------------- 
INFO:root: After the data cleaning : (3937, 992)
INFO:root: Configured match percent: 1
INFO:root: Reduced : 0.35%
INFO:root: Mean 2D positioning error : 6.141m
INFO:root: Mean 3D positioning error : 6.397m
INFO:root: Floor hit rate : 95.265%
INFO:root: Building hit rate : 100.000%
INFO:root: Full time : 5.379957s
INFO:root: ------- KNN configuration ------- 
INFO:root: model: kNN
INFO:root: K: 1
INFO:root: distance: manhattan
