INFO:root:---------------------------- KNN ---------------------------
INFO:root: Dataset : MAN2
INFO:root: Original database size : (1300, 28)
INFO:root: Mean 2D positioning error : 2.467 m
INFO:root: Mean 3D positioning error : 2.467 m
INFO:root: Floor hit rate : 100.000%
INFO:root: Building hit rate : 100.000%
INFO:root: Full time : 0.037392 s
INFO:root: --------------------------------------------------------- 
INFO:root: After the data cleaning : (1237, 28)
INFO:root: Configured match percent: 45
INFO:root: Reduced : 4.85%
INFO:root: Cleaning time : 11.042669 sec
INFO:root: Mean 2D positioning error : 2.440 m
INFO:root: Mean 3D positioning error : 2.440 m
INFO:root: Floor hit rate : 100.000%
INFO:root: Building hit rate : 100.000%
INFO:root: Full time : 0.038275 s
INFO:root: ------- KNN configuration ------- 
INFO:root: model: kNN
INFO:root: K: 1
INFO:root: distance: manhattan
